[debug] [2022-04-26T05:31:18.520Z] ----------------------------------------------------------------------
[debug] [2022-04-26T05:31:18.521Z] Command:       C:\Program Files\nodejs\node.exe C:\Users\USUARIO\AppData\Roaming\npm\node_modules\firebase-tools\lib\bin\firebase.js init
[debug] [2022-04-26T05:31:18.521Z] CLI Version:   10.7.1
[debug] [2022-04-26T05:31:18.521Z] Platform:      win32
[debug] [2022-04-26T05:31:18.522Z] Node Version:  v16.14.0
[debug] [2022-04-26T05:31:18.522Z] Time:          Tue Apr 26 2022 02:31:18 GMT-0300 (hora estándar de Uruguay)
[debug] [2022-04-26T05:31:18.522Z] ----------------------------------------------------------------------
[debug] 
[debug] [2022-04-26T05:31:18.525Z] >>> [apiv2][query] GET https://firebase-public.firebaseio.com/cli.json [none]
[debug] [2022-04-26T05:31:18.540Z] > command requires scopes: ["email","openid","https://www.googleapis.com/auth/cloudplatformprojects.readonly","https://www.googleapis.com/auth/firebase","https://www.googleapis.com/auth/cloud-platform"]
[debug] [2022-04-26T05:31:18.540Z] > authorizing via signed-in user (odriozolaleo1@gmail.com)
[info] 
     ######## #### ########  ######## ########     ###     ######  ########
     ##        ##  ##     ## ##       ##     ##  ##   ##  ##       ##
     ######    ##  ########  ######   ########  #########  ######  ######
     ##        ##  ##    ##  ##       ##     ## ##     ##       ## ##
     ##       #### ##     ## ######## ########  ##     ##  ######  ########

You're about to initialize a Firebase project in this directory:

  C:\Users\USUARIO\Desktop\xddd\front-digimed

[debug] [2022-04-26T05:31:19.077Z] <<< [apiv2][status] GET https://firebase-public.firebaseio.com/cli.json 200
[debug] [2022-04-26T05:31:19.077Z] <<< [apiv2][body] GET https://firebase-public.firebaseio.com/cli.json {"cloudBuildErrorAfter":1594252800000,"cloudBuildWarnAfter":1590019200000,"defaultNode10After":1594252800000,"minVersion":"3.0.5","node8DeploysDisabledAfter":1613390400000,"node8RuntimeDisabledAfter":1615809600000,"node8WarnAfter":1600128000000}
[debug] [2022-04-26T12:43:44.545Z] ----------------------------------------------------------------------
[debug] [2022-04-26T12:43:44.546Z] Command:       C:\Program Files\nodejs\node.exe C:\Users\USUARIO\AppData\Roaming\npm\node_modules\firebase-tools\lib\bin\firebase.js init
[debug] [2022-04-26T12:43:44.546Z] CLI Version:   10.7.1
[debug] [2022-04-26T12:43:44.546Z] Platform:      win32
[debug] [2022-04-26T12:43:44.546Z] Node Version:  v16.14.0
[debug] [2022-04-26T12:43:44.561Z] Time:          Tue Apr 26 2022 09:43:44 GMT-0300 (hora estándar de Uruguay)
[debug] [2022-04-26T12:43:44.561Z] ----------------------------------------------------------------------
[debug] 
[debug] [2022-04-26T12:43:44.567Z] > command requires scopes: ["email","openid","https://www.googleapis.com/auth/cloudplatformprojects.readonly","https://www.googleapis.com/auth/firebase","https://www.googleapis.com/auth/cloud-platform"]
[debug] [2022-04-26T12:43:44.567Z] > authorizing via signed-in user (odriozolaleo1@gmail.com)
[info] 
     ######## #### ########  ######## ########     ###     ######  ########
     ##        ##  ##     ## ##       ##     ##  ##   ##  ##       ##
     ######    ##  ########  ######   ########  #########  ######  ######
     ##        ##  ##    ##  ##       ##     ## ##     ##       ## ##
     ##       #### ##     ## ######## ########  ##     ##  ######  ########

You're about to initialize a Firebase project in this directory:

  C:\Users\USUARIO\Desktop\xddd\front-digimed

[info] 
=== Project Setup
[info] 
[info] First, let's associate this project directory with a Firebase project.
[info] You can create multiple project aliases by running firebase use --add, 
[info] but for now we'll just set up a default project.
[info] 
[debug] [2022-04-26T12:44:03.946Z] > refreshing access token with scopes: []
[debug] [2022-04-26T12:44:03.946Z] >>> HTTP REQUEST POST https://www.googleapis.com/oauth2/v3/token  
 <request body omitted>
[debug] [2022-04-26T12:44:04.131Z] <<< HTTP RESPONSE 200 {"expires":"Mon, 01 Jan 1990 00:00:00 GMT","date":"Tue, 26 Apr 2022 12:44:06 GMT","cache-control":"no-cache, no-store, max-age=0, must-revalidate","pragma":"no-cache","content-type":"application/json; charset=utf-8","vary":"X-Origin, Referer, Origin,Accept-Encoding","server":"scaffolding on HTTPServer2","x-xss-protection":"0","x-frame-options":"SAMEORIGIN","x-content-type-options":"nosniff","alt-svc":"h3=\":443\"; ma=2592000,h3-29=\":443\"; ma=2592000,h3-Q050=\":443\"; ma=2592000,h3-Q046=\":443\"; ma=2592000,h3-Q043=\":443\"; ma=2592000,quic=\":443\"; ma=2592000; v=\"46,43\"","accept-ranges":"none","transfer-encoding":"chunked"}
[debug] [2022-04-26T12:44:04.139Z] >>> [apiv2][query] GET https://firebase.googleapis.com/v1beta1/projects pageSize=100
[debug] [2022-04-26T12:44:04.680Z] <<< [apiv2][status] GET https://firebase.googleapis.com/v1beta1/projects 200
[debug] [2022-04-26T12:44:04.680Z] <<< [apiv2][body] GET https://firebase.googleapis.com/v1beta1/projects [omitted]
[info] i  Using project digimed-ab36d (digimed) 
[info] 
=== Hosting Setup
[info] 
[info] Your public directory is the folder (relative to your project directory) that
[info] will contain Hosting assets to be uploaded with firebase deploy. If you
[info] have a build process for your assets, use your build's output directory.
[info] 
[info] +  Wrote build/404.html 
[debug] [2022-04-26T12:44:53.213Z] >>> [apiv2][query] GET https://www.gstatic.com/firebasejs/releases.json [none]
[debug] [2022-04-26T12:44:53.330Z] <<< [apiv2][status] GET https://www.gstatic.com/firebasejs/releases.json 200
[debug] [2022-04-26T12:44:53.331Z] <<< [apiv2][body] GET https://www.gstatic.com/firebasejs/releases.json {"current":{"version":"9.6.11","browserURL":"https://www.gstatic.com/firebasejs/9.6.11/firebase.js","packageURL":"https://www.gstatic.com/firebasejs/9.6.11/firebase.tgz"},"live":{"version":"9.6","browserURL":"https://www.gstatic.com/firebasejs/live/9.6/firebase.js","packageURL":"https://www.gstatic.com/firebasejs/live/9.6/firebase.tgz"},"components":{"analytics":"https://www.gstatic.com/firebasejs/9.6.11/firebase-analytics.js","app":"https://www.gstatic.com/firebasejs/9.6.11/firebase-app.js","app-check":"https://www.gstatic.com/firebasejs/9.6.11/firebase-app-check.js","auth":"https://www.gstatic.com/firebasejs/9.6.11/firebase-auth.js","auth/cordova":"https://www.gstatic.com/firebasejs/9.6.11/firebase-auth/cordova.js","auth/react-native":"https://www.gstatic.com/firebasejs/9.6.11/firebase-auth/react-native.js","functions":"https://www.gstatic.com/firebasejs/9.6.11/firebase-functions.js","firestore":"https://www.gstatic.com/firebasejs/9.6.11/firebase-firestore.js","firestore/lite":"https://www.gstatic.com/firebasejs/9.6.11/firebase-firestore/lite.js","storage":"https://www.gstatic.com/firebasejs/9.6.11/firebase-storage.js","performance":"https://www.gstatic.com/firebasejs/9.6.11/firebase-performance.js","remote-config":"https://www.gstatic.com/firebasejs/9.6.11/firebase-remote-config.js","messaging":"https://www.gstatic.com/firebasejs/9.6.11/firebase-messaging.js","messaging/sw":"https://www.gstatic.com/firebasejs/9.6.11/firebase-messaging/sw.js","database":"https://www.gstatic.com/firebasejs/9.6.11/firebase-database.js","firestore.memory":"https://www.gstatic.com/firebasejs/9.6.11/firebase-firestore.memory.js"}}
[info] +  Wrote build/index.html 
[info] 
[info] i  Detected a .git folder at C:\Users\USUARIO\Desktop\xddd\front-digimed 
[info] i  Authorizing with GitHub to upload your service account to a GitHub repository's secrets store. 
[info] 
[info] Visit this URL on this device to log in:
[info] https://github.com/login/oauth/authorize?client_id=89cf50f02ac6aaed3484&state=109472366&redirect_uri=http%3A%2F%2Flocalhost%3A9005&scope=read%3Auser%20repo%20public_repo
[info] 
[info] Waiting for authentication...
[debug] [2022-04-26T12:44:53.953Z] >>> HTTP REQUEST POST https://github.com/login/oauth/access_token  
 {"client_id":"89cf50f02ac6aaed3484","client_secret":"3330d14abc895d9a74d5f17cd7a00711fa2c5bf0","code":"f6c80e2336b9d93ff45f","redirect_uri":"http://localhost:9005","state":"109472366"}
[debug] [2022-04-26T12:44:54.312Z] <<< HTTP RESPONSE 200 {"server":"GitHub.com","date":"Tue, 26 Apr 2022 12:44:56 GMT","content-type":"application/json; charset=utf-8","transfer-encoding":"chunked","vary":"X-PJAX, X-PJAX-Container, Accept-Encoding, Accept, X-Requested-With","permissions-policy":"interest-cohort=()","etag":"W/\"c0619cf17e40ef587485fcc4455de78a\"","cache-control":"max-age=0, private, must-revalidate","strict-transport-security":"max-age=31536000; includeSubdomains; preload","x-frame-options":"deny","x-content-type-options":"nosniff","x-xss-protection":"0","referrer-policy":"origin-when-cross-origin, strict-origin-when-cross-origin","expect-ct":"max-age=2592000, report-uri=\"https://api.github.com/_private/browser/errors\"","content-security-policy":"default-src 'none'; base-uri 'self'; block-all-mixed-content; child-src github.com/assets-cdn/worker/ gist.github.com/assets-cdn/worker/; connect-src 'self' uploads.github.com objects-origin.githubusercontent.com www.githubstatus.com collector.github.com raw.githubusercontent.com api.github.com github-cloud.s3.amazonaws.com github-production-repository-file-5c1aeb.s3.amazonaws.com github-production-upload-manifest-file-7fdce7.s3.amazonaws.com github-production-user-asset-6210df.s3.amazonaws.com cdn.optimizely.com logx.optimizely.com/v1/events translator.github.com *.actions.githubusercontent.com wss://*.actions.githubusercontent.com online.visualstudio.com/api/v1/locations github-production-repository-image-32fea6.s3.amazonaws.com github-production-release-asset-2e65be.s3.amazonaws.com insights.github.com wss://alive.github.com; font-src github.githubassets.com; form-action 'self' github.com gist.github.com objects-origin.githubusercontent.com; frame-ancestors 'none'; frame-src render.githubusercontent.com viewscreen.githubusercontent.com notebooks.githubusercontent.com; img-src 'self' data: github.githubassets.com identicons.github.com github-cloud.s3.amazonaws.com secured-user-images.githubusercontent.com/ *.githubusercontent.com; manifest-src 'self'; media-src github.com user-images.githubusercontent.com/; script-src github.githubassets.com; style-src 'unsafe-inline' github.githubassets.com; worker-src github.com/assets-cdn/worker/ gist.github.com/assets-cdn/worker/","x-github-request-id":"E050:6A52:6FB079:89C890:6267E948"}
[debug] [2022-04-26T12:44:54.318Z] >>> [apiv2][query] GET https://api.github.com/user [none]
[debug] [2022-04-26T12:44:54.688Z] <<< [apiv2][status] GET https://api.github.com/user 200
[debug] [2022-04-26T12:44:54.688Z] <<< [apiv2][body] GET https://api.github.com/user {"login":"lechon1997","id":41496302,"node_id":"MDQ6VXNlcjQxNDk2MzAy","avatar_url":"https://avatars.githubusercontent.com/u/41496302?v=4","gravatar_id":"","url":"https://api.github.com/users/lechon1997","html_url":"https://github.com/lechon1997","followers_url":"https://api.github.com/users/lechon1997/followers","following_url":"https://api.github.com/users/lechon1997/following{/other_user}","gists_url":"https://api.github.com/users/lechon1997/gists{/gist_id}","starred_url":"https://api.github.com/users/lechon1997/starred{/owner}{/repo}","subscriptions_url":"https://api.github.com/users/lechon1997/subscriptions","organizations_url":"https://api.github.com/users/lechon1997/orgs","repos_url":"https://api.github.com/users/lechon1997/repos","events_url":"https://api.github.com/users/lechon1997/events{/privacy}","received_events_url":"https://api.github.com/users/lechon1997/received_events","type":"User","site_admin":false,"name":"Leonardo Odriozola","company":null,"blog":"","location":null,"email":null,"hireable":null,"bio":null,"twitter_username":null,"public_repos":45,"public_gists":0,"followers":2,"following":0,"created_at":"2018-07-21T01:53:05Z","updated_at":"2022-01-27T17:41:55Z","private_gists":0,"total_private_repos":1,"owned_private_repos":1,"disk_usage":174805,"collaborators":0,"two_factor_authentication":false,"plan":{"name":"free","space":976562499,"collaborators":0,"private_repos":10000}}
[info] 
[info] +  Success! Logged into GitHub as lechon1997 
[info] 
[debug] [2022-04-26T12:45:29.667Z] >>> [apiv2][query] GET https://api.github.com/repos/lechon1997/digimed-front/actions/secrets/public-key type=owner
[debug] [2022-04-26T12:45:29.989Z] <<< [apiv2][status] GET https://api.github.com/repos/lechon1997/digimed-front/actions/secrets/public-key 404
[debug] [2022-04-26T12:45:29.989Z] <<< [apiv2][body] GET https://api.github.com/repos/lechon1997/digimed-front/actions/secrets/public-key {"message":"Not Found","documentation_url":"https://docs.github.com/rest/reference/actions#get-a-repository-public-key"}
[debug] [2022-04-26T12:45:35.388Z] >>> [apiv2][query] GET https://api.github.com/repos/lechon1997/digimed-front/actions/secrets/public-key type=owner
[debug] [2022-04-26T12:45:35.693Z] <<< [apiv2][status] GET https://api.github.com/repos/lechon1997/digimed-front/actions/secrets/public-key 404
[debug] [2022-04-26T12:45:35.693Z] <<< [apiv2][body] GET https://api.github.com/repos/lechon1997/digimed-front/actions/secrets/public-key {"message":"Not Found","documentation_url":"https://docs.github.com/rest/reference/actions#get-a-repository-public-key"}
[debug] [2022-04-26T12:45:40.732Z] >>> [apiv2][query] GET https://api.github.com/repos/lechon1997/digimed-front/actions/secrets/public-key type=owner
[debug] [2022-04-26T12:45:41.035Z] <<< [apiv2][status] GET https://api.github.com/repos/lechon1997/digimed-front/actions/secrets/public-key 404
[debug] [2022-04-26T12:45:41.035Z] <<< [apiv2][body] GET https://api.github.com/repos/lechon1997/digimed-front/actions/secrets/public-key {"message":"Not Found","documentation_url":"https://docs.github.com/rest/reference/actions#get-a-repository-public-key"}
[debug] [2022-04-26T12:45:49.525Z] >>> [apiv2][query] GET https://api.github.com/repos/lechon1997/digimed-front/actions/secrets/public-key type=owner
[debug] [2022-04-26T12:45:49.832Z] <<< [apiv2][status] GET https://api.github.com/repos/lechon1997/digimed-front/actions/secrets/public-key 404
[debug] [2022-04-26T12:45:49.832Z] <<< [apiv2][body] GET https://api.github.com/repos/lechon1997/digimed-front/actions/secrets/public-key {"message":"Not Found","documentation_url":"https://docs.github.com/rest/reference/actions#get-a-repository-public-key"}
[debug] [2022-04-26T12:45:54.685Z] >>> [apiv2][query] GET https://api.github.com/repos/lechon1997/digimed-front/actions/secrets/public-key type=owner
[debug] [2022-04-26T12:45:54.989Z] <<< [apiv2][status] GET https://api.github.com/repos/lechon1997/digimed-front/actions/secrets/public-key 404
[debug] [2022-04-26T12:45:54.989Z] <<< [apiv2][body] GET https://api.github.com/repos/lechon1997/digimed-front/actions/secrets/public-key {"message":"Not Found","documentation_url":"https://docs.github.com/rest/reference/actions#get-a-repository-public-key"}
[debug] [2022-04-26T12:45:55.141Z] >>> [apiv2][query] GET https://api.github.com/repos/lechon1997/digimed-front/actions/secrets/public-key type=owner
[debug] [2022-04-26T12:45:55.356Z] >>> [apiv2][query] GET https://api.github.com/repos//actions/secrets/public-key type=owner
[debug] [2022-04-26T12:45:55.449Z] <<< [apiv2][status] GET https://api.github.com/repos/lechon1997/digimed-front/actions/secrets/public-key 404
[debug] [2022-04-26T12:45:55.450Z] <<< [apiv2][body] GET https://api.github.com/repos/lechon1997/digimed-front/actions/secrets/public-key {"message":"Not Found","documentation_url":"https://docs.github.com/rest/reference/actions#get-a-repository-public-key"}
[debug] [2022-04-26T12:45:55.541Z] >>> [apiv2][query] GET https://api.github.com/repos/lechon1997/digimed-front/actions/secrets/public-key type=owner
[debug] [2022-04-26T12:45:55.658Z] <<< [apiv2][status] GET https://api.github.com/repos//actions/secrets/public-key 404
[debug] [2022-04-26T12:45:55.659Z] <<< [apiv2][body] GET https://api.github.com/repos//actions/secrets/public-key {"message":"Not Found","documentation_url":"https://docs.github.com/rest"}
[debug] [2022-04-26T12:45:55.757Z] >>> [apiv2][query] GET https://api.github.com/repos//actions/secrets/public-key type=owner
[debug] [2022-04-26T12:45:55.861Z] <<< [apiv2][status] GET https://api.github.com/repos/lechon1997/digimed-front/actions/secrets/public-key 404
[debug] [2022-04-26T12:45:55.861Z] <<< [apiv2][body] GET https://api.github.com/repos/lechon1997/digimed-front/actions/secrets/public-key {"message":"Not Found","documentation_url":"https://docs.github.com/rest/reference/actions#get-a-repository-public-key"}
[debug] [2022-04-26T12:45:55.997Z] >>> [apiv2][query] GET https://api.github.com/repos/lechon1997/digimed-front/actions/secrets/public-key type=owner
[debug] [2022-04-26T12:45:56.060Z] <<< [apiv2][status] GET https://api.github.com/repos//actions/secrets/public-key 404
[debug] [2022-04-26T12:45:56.060Z] <<< [apiv2][body] GET https://api.github.com/repos//actions/secrets/public-key {"message":"Not Found","documentation_url":"https://docs.github.com/rest"}
[debug] [2022-04-26T12:45:56.311Z] <<< [apiv2][status] GET https://api.github.com/repos/lechon1997/digimed-front/actions/secrets/public-key 404
[debug] [2022-04-26T12:45:56.312Z] <<< [apiv2][body] GET https://api.github.com/repos/lechon1997/digimed-front/actions/secrets/public-key {"message":"Not Found","documentation_url":"https://docs.github.com/rest/reference/actions#get-a-repository-public-key"}
[debug] [2022-04-26T12:45:58.148Z] >>> [apiv2][query] GET https://api.github.com/repos/lechon1997/digimed-front/actions/secrets/public-key type=owner
[debug] [2022-04-26T12:45:58.468Z] <<< [apiv2][status] GET https://api.github.com/repos/lechon1997/digimed-front/actions/secrets/public-key 404
[debug] [2022-04-26T12:45:58.468Z] <<< [apiv2][body] GET https://api.github.com/repos/lechon1997/digimed-front/actions/secrets/public-key {"message":"Not Found","documentation_url":"https://docs.github.com/rest/reference/actions#get-a-repository-public-key"}
[debug] [2022-04-26T12:46:24.798Z] >>> [apiv2][query] GET https://api.github.com/repos//actions/secrets/public-key type=owner
[debug] [2022-04-26T12:46:25.110Z] <<< [apiv2][status] GET https://api.github.com/repos//actions/secrets/public-key 404
[debug] [2022-04-26T12:46:25.110Z] <<< [apiv2][body] GET https://api.github.com/repos//actions/secrets/public-key {"message":"Not Found","documentation_url":"https://docs.github.com/rest"}
[debug] [2022-04-26T12:46:25.390Z] >>> [apiv2][query] GET https://api.github.com/repos//actions/secrets/public-key type=owner
[debug] [2022-04-26T12:46:25.613Z] >>> [apiv2][query] GET https://api.github.com/repos//actions/secrets/public-key type=owner
[debug] [2022-04-26T12:46:25.689Z] <<< [apiv2][status] GET https://api.github.com/repos//actions/secrets/public-key 404
[debug] [2022-04-26T12:46:25.689Z] <<< [apiv2][body] GET https://api.github.com/repos//actions/secrets/public-key {"message":"Not Found","documentation_url":"https://docs.github.com/rest"}
[debug] [2022-04-26T12:46:25.798Z] >>> [apiv2][query] GET https://api.github.com/repos//actions/secrets/public-key type=owner
[debug] [2022-04-26T12:46:25.909Z] <<< [apiv2][status] GET https://api.github.com/repos//actions/secrets/public-key 404
[debug] [2022-04-26T12:46:25.909Z] <<< [apiv2][body] GET https://api.github.com/repos//actions/secrets/public-key {"message":"Not Found","documentation_url":"https://docs.github.com/rest"}
[debug] [2022-04-26T12:46:25.975Z] >>> [apiv2][query] GET https://api.github.com/repos//actions/secrets/public-key type=owner
[debug] [2022-04-26T12:46:26.096Z] <<< [apiv2][status] GET https://api.github.com/repos//actions/secrets/public-key 404
[debug] [2022-04-26T12:46:26.096Z] <<< [apiv2][body] GET https://api.github.com/repos//actions/secrets/public-key {"message":"Not Found","documentation_url":"https://docs.github.com/rest"}
[debug] [2022-04-26T12:46:26.133Z] >>> [apiv2][query] GET https://api.github.com/repos//actions/secrets/public-key type=owner
[debug] [2022-04-26T12:46:26.278Z] <<< [apiv2][status] GET https://api.github.com/repos//actions/secrets/public-key 404
[debug] [2022-04-26T12:46:26.278Z] <<< [apiv2][body] GET https://api.github.com/repos//actions/secrets/public-key {"message":"Not Found","documentation_url":"https://docs.github.com/rest"}
[debug] [2022-04-26T12:46:26.341Z] >>> [apiv2][query] GET https://api.github.com/repos//actions/secrets/public-key type=owner
[debug] [2022-04-26T12:46:26.433Z] <<< [apiv2][status] GET https://api.github.com/repos//actions/secrets/public-key 404
[debug] [2022-04-26T12:46:26.433Z] <<< [apiv2][body] GET https://api.github.com/repos//actions/secrets/public-key {"message":"Not Found","documentation_url":"https://docs.github.com/rest"}
[debug] [2022-04-26T12:46:26.641Z] <<< [apiv2][status] GET https://api.github.com/repos//actions/secrets/public-key 404
[debug] [2022-04-26T12:46:26.641Z] <<< [apiv2][body] GET https://api.github.com/repos//actions/secrets/public-key {"message":"Not Found","documentation_url":"https://docs.github.com/rest"}
[debug] [2022-04-26T12:46:26.790Z] >>> [apiv2][query] GET https://api.github.com/repos//actions/secrets/public-key type=owner
[debug] [2022-04-26T12:46:27.082Z] <<< [apiv2][status] GET https://api.github.com/repos//actions/secrets/public-key 404
[debug] [2022-04-26T12:46:27.082Z] <<< [apiv2][body] GET https://api.github.com/repos//actions/secrets/public-key {"message":"Not Found","documentation_url":"https://docs.github.com/rest"}
[debug] [2022-04-26T12:46:27.093Z] >>> [apiv2][query] GET https://api.github.com/repos//actions/secrets/public-key type=owner
[debug] [2022-04-26T12:46:27.388Z] <<< [apiv2][status] GET https://api.github.com/repos//actions/secrets/public-key 404
[debug] [2022-04-26T12:46:27.388Z] <<< [apiv2][body] GET https://api.github.com/repos//actions/secrets/public-key {"message":"Not Found","documentation_url":"https://docs.github.com/rest"}
[debug] [2022-04-26T12:46:27.437Z] >>> [apiv2][query] GET https://api.github.com/repos//actions/secrets/public-key type=owner
[debug] [2022-04-26T12:46:27.740Z] <<< [apiv2][status] GET https://api.github.com/repos//actions/secrets/public-key 404
[debug] [2022-04-26T12:46:27.740Z] <<< [apiv2][body] GET https://api.github.com/repos//actions/secrets/public-key {"message":"Not Found","documentation_url":"https://docs.github.com/rest"}
[debug] [2022-04-26T12:46:27.765Z] >>> [apiv2][query] GET https://api.github.com/repos//actions/secrets/public-key type=owner
[debug] [2022-04-26T12:46:28.062Z] >>> [apiv2][query] GET https://api.github.com/repos//actions/secrets/public-key type=owner
[debug] [2022-04-26T12:46:28.070Z] <<< [apiv2][status] GET https://api.github.com/repos//actions/secrets/public-key 404
[debug] [2022-04-26T12:46:28.070Z] <<< [apiv2][body] GET https://api.github.com/repos//actions/secrets/public-key {"message":"Not Found","documentation_url":"https://docs.github.com/rest"}
[debug] [2022-04-26T12:46:28.377Z] <<< [apiv2][status] GET https://api.github.com/repos//actions/secrets/public-key 404
[debug] [2022-04-26T12:46:28.377Z] <<< [apiv2][body] GET https://api.github.com/repos//actions/secrets/public-key {"message":"Not Found","documentation_url":"https://docs.github.com/rest"}
[debug] [2022-04-26T12:46:37.942Z] >>> [apiv2][query] GET https://api.github.com/repos/lechon1997/digimed-front/actions/secrets/public-key type=owner
[debug] [2022-04-26T12:46:38.250Z] <<< [apiv2][status] GET https://api.github.com/repos/lechon1997/digimed-front/actions/secrets/public-key 404
[debug] [2022-04-26T12:46:38.250Z] <<< [apiv2][body] GET https://api.github.com/repos/lechon1997/digimed-front/actions/secrets/public-key {"message":"Not Found","documentation_url":"https://docs.github.com/rest/reference/actions#get-a-repository-public-key"}
[debug] [2022-04-26T12:46:38.750Z] >>> [apiv2][query] GET https://api.github.com/repos/lechon1997/digimed-front/actions/secrets/public-key type=owner
[debug] [2022-04-26T12:46:38.926Z] >>> [apiv2][query] GET https://api.github.com/repos//actions/secrets/public-key type=owner
[debug] [2022-04-26T12:46:39.059Z] <<< [apiv2][status] GET https://api.github.com/repos/lechon1997/digimed-front/actions/secrets/public-key 404
[debug] [2022-04-26T12:46:39.059Z] <<< [apiv2][body] GET https://api.github.com/repos/lechon1997/digimed-front/actions/secrets/public-key {"message":"Not Found","documentation_url":"https://docs.github.com/rest/reference/actions#get-a-repository-public-key"}
[debug] [2022-04-26T12:46:39.101Z] >>> [apiv2][query] GET https://api.github.com/repos/lechon1997/digimed-front/actions/secrets/public-key type=owner
[debug] [2022-04-26T12:46:39.230Z] <<< [apiv2][status] GET https://api.github.com/repos//actions/secrets/public-key 404
[debug] [2022-04-26T12:46:39.231Z] <<< [apiv2][body] GET https://api.github.com/repos//actions/secrets/public-key {"message":"Not Found","documentation_url":"https://docs.github.com/rest"}
[debug] [2022-04-26T12:46:39.278Z] >>> [apiv2][query] GET https://api.github.com/repos//actions/secrets/public-key type=owner
[debug] [2022-04-26T12:46:39.428Z] <<< [apiv2][status] GET https://api.github.com/repos/lechon1997/digimed-front/actions/secrets/public-key 404
[debug] [2022-04-26T12:46:39.428Z] <<< [apiv2][body] GET https://api.github.com/repos/lechon1997/digimed-front/actions/secrets/public-key {"message":"Not Found","documentation_url":"https://docs.github.com/rest/reference/actions#get-a-repository-public-key"}
[debug] [2022-04-26T12:46:39.453Z] >>> [apiv2][query] GET https://api.github.com/repos/lechon1997/digimed-front/actions/secrets/public-key type=owner
[debug] [2022-04-26T12:46:39.577Z] <<< [apiv2][status] GET https://api.github.com/repos//actions/secrets/public-key 404
[debug] [2022-04-26T12:46:39.577Z] <<< [apiv2][body] GET https://api.github.com/repos//actions/secrets/public-key {"message":"Not Found","documentation_url":"https://docs.github.com/rest"}
[debug] [2022-04-26T12:46:39.763Z] <<< [apiv2][status] GET https://api.github.com/repos/lechon1997/digimed-front/actions/secrets/public-key 404
[debug] [2022-04-26T12:46:39.764Z] <<< [apiv2][body] GET https://api.github.com/repos/lechon1997/digimed-front/actions/secrets/public-key {"message":"Not Found","documentation_url":"https://docs.github.com/rest/reference/actions#get-a-repository-public-key"}
[debug] [2022-04-26T12:46:40.822Z] >>> [apiv2][query] GET https://api.github.com/repos/lechon1997/digimed-front/actions/secrets/public-key type=owner
[debug] [2022-04-26T12:46:41.062Z] >>> [apiv2][query] GET https://api.github.com/repos//actions/secrets/public-key type=owner
[debug] [2022-04-26T12:46:41.129Z] <<< [apiv2][status] GET https://api.github.com/repos/lechon1997/digimed-front/actions/secrets/public-key 404
[debug] [2022-04-26T12:46:41.129Z] <<< [apiv2][body] GET https://api.github.com/repos/lechon1997/digimed-front/actions/secrets/public-key {"message":"Not Found","documentation_url":"https://docs.github.com/rest/reference/actions#get-a-repository-public-key"}
[debug] [2022-04-26T12:46:41.318Z] >>> [apiv2][query] GET https://api.github.com/repos/lechon1997/digimed-front/actions/secrets/public-key type=owner
[debug] [2022-04-26T12:46:41.366Z] <<< [apiv2][status] GET https://api.github.com/repos//actions/secrets/public-key 404
[debug] [2022-04-26T12:46:41.366Z] <<< [apiv2][body] GET https://api.github.com/repos//actions/secrets/public-key {"message":"Not Found","documentation_url":"https://docs.github.com/rest"}
[debug] [2022-04-26T12:46:41.510Z] >>> [apiv2][query] GET https://api.github.com/repos//actions/secrets/public-key type=owner
[debug] [2022-04-26T12:46:41.628Z] <<< [apiv2][status] GET https://api.github.com/repos/lechon1997/digimed-front/actions/secrets/public-key 404
[debug] [2022-04-26T12:46:41.628Z] <<< [apiv2][body] GET https://api.github.com/repos/lechon1997/digimed-front/actions/secrets/public-key {"message":"Not Found","documentation_url":"https://docs.github.com/rest/reference/actions#get-a-repository-public-key"}
[debug] [2022-04-26T12:46:41.742Z] >>> [apiv2][query] GET https://api.github.com/repos/lechon1997/digimed-front/actions/secrets/public-key type=owner
[debug] [2022-04-26T12:46:41.809Z] <<< [apiv2][status] GET https://api.github.com/repos//actions/secrets/public-key 404
[debug] [2022-04-26T12:46:41.809Z] <<< [apiv2][body] GET https://api.github.com/repos//actions/secrets/public-key {"message":"Not Found","documentation_url":"https://docs.github.com/rest"}
[debug] [2022-04-26T12:46:41.934Z] >>> [apiv2][query] GET https://api.github.com/repos//actions/secrets/public-key type=owner
[debug] [2022-04-26T12:46:42.058Z] <<< [apiv2][status] GET https://api.github.com/repos/lechon1997/digimed-front/actions/secrets/public-key 404
[debug] [2022-04-26T12:46:42.058Z] <<< [apiv2][body] GET https://api.github.com/repos/lechon1997/digimed-front/actions/secrets/public-key {"message":"Not Found","documentation_url":"https://docs.github.com/rest/reference/actions#get-a-repository-public-key"}
[debug] [2022-04-26T12:46:42.118Z] >>> [apiv2][query] GET https://api.github.com/repos/lechon1997/digimed-front/actions/secrets/public-key type=owner
[debug] [2022-04-26T12:46:42.234Z] <<< [apiv2][status] GET https://api.github.com/repos//actions/secrets/public-key 404
[debug] [2022-04-26T12:46:42.234Z] <<< [apiv2][body] GET https://api.github.com/repos//actions/secrets/public-key {"message":"Not Found","documentation_url":"https://docs.github.com/rest"}
[debug] [2022-04-26T12:46:42.422Z] <<< [apiv2][status] GET https://api.github.com/repos/lechon1997/digimed-front/actions/secrets/public-key 404
[debug] [2022-04-26T12:46:42.422Z] <<< [apiv2][body] GET https://api.github.com/repos/lechon1997/digimed-front/actions/secrets/public-key {"message":"Not Found","documentation_url":"https://docs.github.com/rest/reference/actions#get-a-repository-public-key"}
[debug] [2022-04-26T12:46:42.526Z] >>> [apiv2][query] GET https://api.github.com/repos/lechon1997/digimed-front/actions/secrets/public-key type=owner
[debug] [2022-04-26T12:46:42.825Z] <<< [apiv2][status] GET https://api.github.com/repos/lechon1997/digimed-front/actions/secrets/public-key 404
[debug] [2022-04-26T12:46:42.825Z] <<< [apiv2][body] GET https://api.github.com/repos/lechon1997/digimed-front/actions/secrets/public-key {"message":"Not Found","documentation_url":"https://docs.github.com/rest/reference/actions#get-a-repository-public-key"}
[debug] [2022-04-26T12:46:43.030Z] >>> [apiv2][query] GET https://api.github.com/repos/lechon1997/digimed-front/actions/secrets/public-key type=owner
[debug] [2022-04-26T12:46:43.061Z] >>> [apiv2][query] GET https://api.github.com/repos//actions/secrets/public-key type=owner
[debug] [2022-04-26T12:46:43.106Z] >>> [apiv2][query] GET https://api.github.com/repos//actions/secrets/public-key type=owner
[debug] [2022-04-26T12:46:43.137Z] >>> [apiv2][query] GET https://api.github.com/repos//actions/secrets/public-key type=owner
[debug] [2022-04-26T12:46:43.168Z] >>> [apiv2][query] GET https://api.github.com/repos//actions/secrets/public-key type=owner
[debug] [2022-04-26T12:46:43.198Z] >>> [apiv2][query] GET https://api.github.com/repos//actions/secrets/public-key type=owner
[debug] [2022-04-26T12:46:43.229Z] >>> [apiv2][query] GET https://api.github.com/repos//actions/secrets/public-key type=owner
[debug] [2022-04-26T12:46:43.260Z] >>> [apiv2][query] GET https://api.github.com/repos//actions/secrets/public-key type=owner
[debug] [2022-04-26T12:46:43.292Z] >>> [apiv2][query] GET https://api.github.com/repos//actions/secrets/public-key type=owner
[debug] [2022-04-26T12:46:43.334Z] <<< [apiv2][status] GET https://api.github.com/repos/lechon1997/digimed-front/actions/secrets/public-key 404
[debug] [2022-04-26T12:46:43.334Z] <<< [apiv2][body] GET https://api.github.com/repos/lechon1997/digimed-front/actions/secrets/public-key {"message":"Not Found","documentation_url":"https://docs.github.com/rest/reference/actions#get-a-repository-public-key"}
[debug] [2022-04-26T12:46:43.338Z] >>> [apiv2][query] GET https://api.github.com/repos/lechon1997/digimed-front/actions/secrets/public-key type=owner
[debug] [2022-04-26T12:46:43.369Z] >>> [apiv2][query] GET https://api.github.com/repos//actions/secrets/public-key type=owner
[debug] [2022-04-26T12:46:43.371Z] <<< [apiv2][status] GET https://api.github.com/repos//actions/secrets/public-key 404
[debug] [2022-04-26T12:46:43.371Z] <<< [apiv2][body] GET https://api.github.com/repos//actions/secrets/public-key {"message":"Not Found","documentation_url":"https://docs.github.com/rest"}
[debug] [2022-04-26T12:46:43.400Z] >>> [apiv2][query] GET https://api.github.com/repos//actions/secrets/public-key type=owner
[debug] [2022-04-26T12:46:43.406Z] <<< [apiv2][status] GET https://api.github.com/repos//actions/secrets/public-key 404
[debug] [2022-04-26T12:46:43.406Z] <<< [apiv2][body] GET https://api.github.com/repos//actions/secrets/public-key {"message":"Not Found","documentation_url":"https://docs.github.com/rest"}
[debug] [2022-04-26T12:46:43.431Z] >>> [apiv2][query] GET https://api.github.com/repos//actions/secrets/public-key type=owner
[debug] [2022-04-26T12:46:43.447Z] <<< [apiv2][status] GET https://api.github.com/repos//actions/secrets/public-key 404
[debug] [2022-04-26T12:46:43.447Z] <<< [apiv2][body] GET https://api.github.com/repos//actions/secrets/public-key {"message":"Not Found","documentation_url":"https://docs.github.com/rest"}
[debug] [2022-04-26T12:46:43.463Z] >>> [apiv2][query] GET https://api.github.com/repos//actions/secrets/public-key type=owner
[debug] [2022-04-26T12:46:43.474Z] <<< [apiv2][status] GET https://api.github.com/repos//actions/secrets/public-key 404
[debug] [2022-04-26T12:46:43.474Z] <<< [apiv2][body] GET https://api.github.com/repos//actions/secrets/public-key {"message":"Not Found","documentation_url":"https://docs.github.com/rest"}
[debug] [2022-04-26T12:46:43.495Z] >>> [apiv2][query] GET https://api.github.com/repos//actions/secrets/public-key type=owner
[debug] [2022-04-26T12:46:43.497Z] <<< [apiv2][status] GET https://api.github.com/repos//actions/secrets/public-key 404
[debug] [2022-04-26T12:46:43.497Z] <<< [apiv2][body] GET https://api.github.com/repos//actions/secrets/public-key {"message":"Not Found","documentation_url":"https://docs.github.com/rest"}
[debug] [2022-04-26T12:46:43.523Z] <<< [apiv2][status] GET https://api.github.com/repos//actions/secrets/public-key 404
[debug] [2022-04-26T12:46:43.523Z] <<< [apiv2][body] GET https://api.github.com/repos//actions/secrets/public-key {"message":"Not Found","documentation_url":"https://docs.github.com/rest"}
[debug] [2022-04-26T12:46:43.527Z] >>> [apiv2][query] GET https://api.github.com/repos//actions/secrets/public-key type=owner
[debug] [2022-04-26T12:46:43.551Z] <<< [apiv2][status] GET https://api.github.com/repos//actions/secrets/public-key 404
[debug] [2022-04-26T12:46:43.551Z] <<< [apiv2][body] GET https://api.github.com/repos//actions/secrets/public-key {"message":"Not Found","documentation_url":"https://docs.github.com/rest"}
[debug] [2022-04-26T12:46:43.559Z] >>> [apiv2][query] GET https://api.github.com/repos//actions/secrets/public-key type=owner
[debug] [2022-04-26T12:46:43.588Z] <<< [apiv2][status] GET https://api.github.com/repos//actions/secrets/public-key 404
[debug] [2022-04-26T12:46:43.588Z] <<< [apiv2][body] GET https://api.github.com/repos//actions/secrets/public-key {"message":"Not Found","documentation_url":"https://docs.github.com/rest"}
[debug] [2022-04-26T12:46:43.589Z] >>> [apiv2][query] GET https://api.github.com/repos//actions/secrets/public-key type=owner
[debug] [2022-04-26T12:46:43.622Z] >>> [apiv2][query] GET https://api.github.com/repos//actions/secrets/public-key type=owner
[debug] [2022-04-26T12:46:43.638Z] <<< [apiv2][status] GET https://api.github.com/repos/lechon1997/digimed-front/actions/secrets/public-key 404
[debug] [2022-04-26T12:46:43.639Z] <<< [apiv2][body] GET https://api.github.com/repos/lechon1997/digimed-front/actions/secrets/public-key {"message":"Not Found","documentation_url":"https://docs.github.com/rest/reference/actions#get-a-repository-public-key"}
[debug] [2022-04-26T12:46:43.655Z] >>> [apiv2][query] GET https://api.github.com/repos/lechon1997/digimed-front/actions/secrets/public-key type=owner
[debug] [2022-04-26T12:46:43.662Z] <<< [apiv2][status] GET https://api.github.com/repos//actions/secrets/public-key 404
[debug] [2022-04-26T12:46:43.662Z] <<< [apiv2][body] GET https://api.github.com/repos//actions/secrets/public-key {"message":"Not Found","documentation_url":"https://docs.github.com/rest"}
[debug] [2022-04-26T12:46:43.695Z] <<< [apiv2][status] GET https://api.github.com/repos//actions/secrets/public-key 404
[debug] [2022-04-26T12:46:43.695Z] <<< [apiv2][body] GET https://api.github.com/repos//actions/secrets/public-key {"message":"Not Found","documentation_url":"https://docs.github.com/rest"}
[debug] [2022-04-26T12:46:43.699Z] >>> [apiv2][query] GET https://api.github.com/repos//actions/secrets/public-key type=owner
[debug] [2022-04-26T12:46:43.731Z] >>> [apiv2][query] GET https://api.github.com/repos//actions/secrets/public-key type=owner
[debug] [2022-04-26T12:46:43.732Z] <<< [apiv2][status] GET https://api.github.com/repos//actions/secrets/public-key 404
[debug] [2022-04-26T12:46:43.732Z] <<< [apiv2][body] GET https://api.github.com/repos//actions/secrets/public-key {"message":"Not Found","documentation_url":"https://docs.github.com/rest"}
[debug] [2022-04-26T12:46:43.760Z] <<< [apiv2][status] GET https://api.github.com/repos//actions/secrets/public-key 404
[debug] [2022-04-26T12:46:43.760Z] <<< [apiv2][body] GET https://api.github.com/repos//actions/secrets/public-key {"message":"Not Found","documentation_url":"https://docs.github.com/rest"}
[debug] [2022-04-26T12:46:43.762Z] >>> [apiv2][query] GET https://api.github.com/repos//actions/secrets/public-key type=owner
[debug] [2022-04-26T12:46:43.789Z] <<< [apiv2][status] GET https://api.github.com/repos//actions/secrets/public-key 404
[debug] [2022-04-26T12:46:43.789Z] <<< [apiv2][body] GET https://api.github.com/repos//actions/secrets/public-key {"message":"Not Found","documentation_url":"https://docs.github.com/rest"}
[debug] [2022-04-26T12:46:43.793Z] >>> [apiv2][query] GET https://api.github.com/repos//actions/secrets/public-key type=owner
[debug] [2022-04-26T12:46:43.824Z] <<< [apiv2][status] GET https://api.github.com/repos//actions/secrets/public-key 404
[debug] [2022-04-26T12:46:43.825Z] <<< [apiv2][body] GET https://api.github.com/repos//actions/secrets/public-key {"message":"Not Found","documentation_url":"https://docs.github.com/rest"}
[debug] [2022-04-26T12:46:43.825Z] >>> [apiv2][query] GET https://api.github.com/repos//actions/secrets/public-key type=owner
[debug] [2022-04-26T12:46:43.853Z] <<< [apiv2][status] GET https://api.github.com/repos//actions/secrets/public-key 404
[debug] [2022-04-26T12:46:43.853Z] <<< [apiv2][body] GET https://api.github.com/repos//actions/secrets/public-key {"message":"Not Found","documentation_url":"https://docs.github.com/rest"}
[debug] [2022-04-26T12:46:43.856Z] >>> [apiv2][query] GET https://api.github.com/repos//actions/secrets/public-key type=owner
[debug] [2022-04-26T12:46:43.875Z] <<< [apiv2][status] GET https://api.github.com/repos//actions/secrets/public-key 404
[debug] [2022-04-26T12:46:43.875Z] <<< [apiv2][body] GET https://api.github.com/repos//actions/secrets/public-key {"message":"Not Found","documentation_url":"https://docs.github.com/rest"}
[debug] [2022-04-26T12:46:43.888Z] >>> [apiv2][query] GET https://api.github.com/repos//actions/secrets/public-key type=owner
[debug] [2022-04-26T12:46:43.911Z] <<< [apiv2][status] GET https://api.github.com/repos//actions/secrets/public-key 404
[debug] [2022-04-26T12:46:43.911Z] <<< [apiv2][body] GET https://api.github.com/repos//actions/secrets/public-key {"message":"Not Found","documentation_url":"https://docs.github.com/rest"}
[debug] [2022-04-26T12:46:43.920Z] >>> [apiv2][query] GET https://api.github.com/repos//actions/secrets/public-key type=owner
[debug] [2022-04-26T12:46:43.951Z] >>> [apiv2][query] GET https://api.github.com/repos//actions/secrets/public-key type=owner
[debug] [2022-04-26T12:46:43.966Z] <<< [apiv2][status] GET https://api.github.com/repos/lechon1997/digimed-front/actions/secrets/public-key 404
[debug] [2022-04-26T12:46:43.966Z] <<< [apiv2][body] GET https://api.github.com/repos/lechon1997/digimed-front/actions/secrets/public-key {"message":"Not Found","documentation_url":"https://docs.github.com/rest/reference/actions#get-a-repository-public-key"}
[debug] [2022-04-26T12:46:43.997Z] >>> [apiv2][query] GET https://api.github.com/repos/lechon1997/digimed-front/actions/secrets/public-key type=owner
[debug] [2022-04-26T12:46:44.003Z] <<< [apiv2][status] GET https://api.github.com/repos//actions/secrets/public-key 404
[debug] [2022-04-26T12:46:44.003Z] <<< [apiv2][body] GET https://api.github.com/repos//actions/secrets/public-key {"message":"Not Found","documentation_url":"https://docs.github.com/rest"}
[debug] [2022-04-26T12:46:44.028Z] >>> [apiv2][query] GET https://api.github.com/repos//actions/secrets/public-key type=owner
[debug] [2022-04-26T12:46:44.033Z] <<< [apiv2][status] GET https://api.github.com/repos//actions/secrets/public-key 404
[debug] [2022-04-26T12:46:44.033Z] <<< [apiv2][body] GET https://api.github.com/repos//actions/secrets/public-key {"message":"Not Found","documentation_url":"https://docs.github.com/rest"}
[debug] [2022-04-26T12:46:44.058Z] >>> [apiv2][query] GET https://api.github.com/repos//actions/secrets/public-key type=owner
[debug] [2022-04-26T12:46:44.059Z] <<< [apiv2][status] GET https://api.github.com/repos//actions/secrets/public-key 404
[debug] [2022-04-26T12:46:44.059Z] <<< [apiv2][body] GET https://api.github.com/repos//actions/secrets/public-key {"message":"Not Found","documentation_url":"https://docs.github.com/rest"}
[debug] [2022-04-26T12:46:44.086Z] <<< [apiv2][status] GET https://api.github.com/repos//actions/secrets/public-key 404
[debug] [2022-04-26T12:46:44.086Z] <<< [apiv2][body] GET https://api.github.com/repos//actions/secrets/public-key {"message":"Not Found","documentation_url":"https://docs.github.com/rest"}
[debug] [2022-04-26T12:46:44.089Z] >>> [apiv2][query] GET https://api.github.com/repos//actions/secrets/public-key type=owner
[debug] [2022-04-26T12:46:44.116Z] <<< [apiv2][status] GET https://api.github.com/repos//actions/secrets/public-key 404
[debug] [2022-04-26T12:46:44.116Z] <<< [apiv2][body] GET https://api.github.com/repos//actions/secrets/public-key {"message":"Not Found","documentation_url":"https://docs.github.com/rest"}
[debug] [2022-04-26T12:46:44.120Z] >>> [apiv2][query] GET https://api.github.com/repos//actions/secrets/public-key type=owner
[debug] [2022-04-26T12:46:44.152Z] >>> [apiv2][query] GET https://api.github.com/repos//actions/secrets/public-key type=owner
[debug] [2022-04-26T12:46:44.155Z] <<< [apiv2][status] GET https://api.github.com/repos//actions/secrets/public-key 404
[debug] [2022-04-26T12:46:44.155Z] <<< [apiv2][body] GET https://api.github.com/repos//actions/secrets/public-key {"message":"Not Found","documentation_url":"https://docs.github.com/rest"}
[debug] [2022-04-26T12:46:44.182Z] >>> [apiv2][query] GET https://api.github.com/repos//actions/secrets/public-key type=owner
[debug] [2022-04-26T12:46:44.190Z] <<< [apiv2][status] GET https://api.github.com/repos//actions/secrets/public-key 404
[debug] [2022-04-26T12:46:44.190Z] <<< [apiv2][body] GET https://api.github.com/repos//actions/secrets/public-key {"message":"Not Found","documentation_url":"https://docs.github.com/rest"}
[debug] [2022-04-26T12:46:44.213Z] >>> [apiv2][query] GET https://api.github.com/repos//actions/secrets/public-key type=owner
[debug] [2022-04-26T12:46:44.230Z] <<< [apiv2][status] GET https://api.github.com/repos//actions/secrets/public-key 404
[debug] [2022-04-26T12:46:44.230Z] <<< [apiv2][body] GET https://api.github.com/repos//actions/secrets/public-key {"message":"Not Found","documentation_url":"https://docs.github.com/rest"}
[debug] [2022-04-26T12:46:44.247Z] <<< [apiv2][status] GET https://api.github.com/repos//actions/secrets/public-key 404
[debug] [2022-04-26T12:46:44.247Z] <<< [apiv2][body] GET https://api.github.com/repos//actions/secrets/public-key {"message":"Not Found","documentation_url":"https://docs.github.com/rest"}
[debug] [2022-04-26T12:46:44.260Z] >>> [apiv2][query] GET https://api.github.com/repos//actions/secrets/public-key type=owner
[debug] [2022-04-26T12:46:44.291Z] >>> [apiv2][query] GET https://api.github.com/repos//actions/secrets/public-key type=owner
[debug] [2022-04-26T12:46:44.309Z] <<< [apiv2][status] GET https://api.github.com/repos/lechon1997/digimed-front/actions/secrets/public-key 404
[debug] [2022-04-26T12:46:44.309Z] <<< [apiv2][body] GET https://api.github.com/repos/lechon1997/digimed-front/actions/secrets/public-key {"message":"Not Found","documentation_url":"https://docs.github.com/rest/reference/actions#get-a-repository-public-key"}
[debug] [2022-04-26T12:46:44.322Z] >>> [apiv2][query] GET https://api.github.com/repos/lechon1997/digimed-front/actions/secrets/public-key type=owner
[debug] [2022-04-26T12:46:44.330Z] <<< [apiv2][status] GET https://api.github.com/repos//actions/secrets/public-key 404
[debug] [2022-04-26T12:46:44.330Z] <<< [apiv2][body] GET https://api.github.com/repos//actions/secrets/public-key {"message":"Not Found","documentation_url":"https://docs.github.com/rest"}
[debug] [2022-04-26T12:46:44.354Z] <<< [apiv2][status] GET https://api.github.com/repos//actions/secrets/public-key 404
[debug] [2022-04-26T12:46:44.354Z] <<< [apiv2][body] GET https://api.github.com/repos//actions/secrets/public-key {"message":"Not Found","documentation_url":"https://docs.github.com/rest"}
[debug] [2022-04-26T12:46:44.410Z] <<< [apiv2][status] GET https://api.github.com/repos//actions/secrets/public-key 404
[debug] [2022-04-26T12:46:44.410Z] <<< [apiv2][body] GET https://api.github.com/repos//actions/secrets/public-key {"message":"Not Found","documentation_url":"https://docs.github.com/rest"}
[debug] [2022-04-26T12:46:44.455Z] <<< [apiv2][status] GET https://api.github.com/repos//actions/secrets/public-key 404
[debug] [2022-04-26T12:46:44.456Z] <<< [apiv2][body] GET https://api.github.com/repos//actions/secrets/public-key {"message":"Not Found","documentation_url":"https://docs.github.com/rest"}
[debug] [2022-04-26T12:46:44.485Z] <<< [apiv2][status] GET https://api.github.com/repos//actions/secrets/public-key 404
[debug] [2022-04-26T12:46:44.485Z] <<< [apiv2][body] GET https://api.github.com/repos//actions/secrets/public-key {"message":"Not Found","documentation_url":"https://docs.github.com/rest"}
[debug] [2022-04-26T12:46:44.518Z] <<< [apiv2][status] GET https://api.github.com/repos//actions/secrets/public-key 404
[debug] [2022-04-26T12:46:44.518Z] <<< [apiv2][body] GET https://api.github.com/repos//actions/secrets/public-key {"message":"Not Found","documentation_url":"https://docs.github.com/rest"}
[debug] [2022-04-26T12:46:44.558Z] <<< [apiv2][status] GET https://api.github.com/repos//actions/secrets/public-key 404
[debug] [2022-04-26T12:46:44.558Z] <<< [apiv2][body] GET https://api.github.com/repos//actions/secrets/public-key {"message":"Not Found","documentation_url":"https://docs.github.com/rest"}
[debug] [2022-04-26T12:46:44.596Z] <<< [apiv2][status] GET https://api.github.com/repos//actions/secrets/public-key 404
[debug] [2022-04-26T12:46:44.596Z] <<< [apiv2][body] GET https://api.github.com/repos//actions/secrets/public-key {"message":"Not Found","documentation_url":"https://docs.github.com/rest"}
[debug] [2022-04-26T12:46:44.626Z] <<< [apiv2][status] GET https://api.github.com/repos/lechon1997/digimed-front/actions/secrets/public-key 404
[debug] [2022-04-26T12:46:44.626Z] <<< [apiv2][body] GET https://api.github.com/repos/lechon1997/digimed-front/actions/secrets/public-key {"message":"Not Found","documentation_url":"https://docs.github.com/rest/reference/actions#get-a-repository-public-key"}
[debug] [2022-04-26T12:46:44.650Z] <<< [apiv2][status] GET https://api.github.com/repos//actions/secrets/public-key 404
[debug] [2022-04-26T12:46:44.650Z] <<< [apiv2][body] GET https://api.github.com/repos//actions/secrets/public-key {"message":"Not Found","documentation_url":"https://docs.github.com/rest"}
[debug] [2022-04-26T12:46:51.751Z] >>> [apiv2][query] GET https://api.github.com/repos//actions/secrets/public-key type=owner
[debug] [2022-04-26T12:46:52.043Z] <<< [apiv2][status] GET https://api.github.com/repos//actions/secrets/public-key 404
[debug] [2022-04-26T12:46:52.043Z] <<< [apiv2][body] GET https://api.github.com/repos//actions/secrets/public-key {"message":"Not Found","documentation_url":"https://docs.github.com/rest"}
